info it worked if it ends with ok
verbose cli [ 'node',
verbose cli   '/Users/kaareal/local/node/bin/npm',
verbose cli   'publish' ]
info using npm@1.0.6
info using node@v0.4.11
verbose config file /Users/kaareal/.npmrc
verbose config file /Users/kaareal/local/node/etc/npmrc
verbose publish [ '.' ]
ERR! couldn't read package.json in .
ERR! Error: Invalid version: v0.1.4.1
ERR! Must be X.Y.Z, with an optional trailing tag.
ERR! See the section on 'version' in `npm help json`
ERR!     at /Users/kaareal/local/node/lib/node_modules/npm/lib/utils/read-json.js:262:13
ERR!     at /Users/kaareal/local/node/lib/node_modules/npm/lib/utils/read-json.js:132:32
ERR!     at P (/Users/kaareal/local/node/lib/node_modules/npm/lib/utils/read-json.js:109:40)
ERR!     at cb (/Users/kaareal/local/node/lib/node_modules/npm/lib/utils/graceful-fs.js:31:9)
ERR!     at [object Object].<anonymous> (fs.js:107:5)
ERR!     at [object Object].emit (events.js:61:17)
ERR!     at afterRead (fs.js:878:12)
ERR!     at wrapper (fs.js:245:17)
ERR! Report this *entire* log at:
ERR!     <http://github.com/isaacs/npm/issues>
ERR! or email it to:
ERR!     <npm-@googlegroups.com>
ERR! 
ERR! System Darwin 11.2.0
ERR! command "node" "/Users/kaareal/local/node/bin/npm" "publish"
verbose exit [ 1, true ]
